<?xml version="1.0" encoding="UTF-8"?>
<!-- Generated by org.testng.reporters.JUnitXMLReporter -->
<testsuite ignored="0" hostname="WL-MS-743" failures="0" tests="4" name="Default test" time="3.291" errors="0" timestamp="2025-03-21T20:44:45 IST">
  <testcase classname="com.project1.restapi.TC48_SOAP_APIs" name="addSOAPapi" time="1.531"/>
  <testcase classname="com.project1.restapi.TC48_SOAP_APIs" name="subtractSOAPapi" time="0.539"/>
  <testcase classname="com.project1.restapi.TC48_SOAP_APIs" name="multiplySOAPapi" time="0.56"/>
  <testcase classname="com.project1.restapi.TC48_SOAP_APIs" name="divideSOAPapi" time="0.548"/>
</testsuite> <!-- Default test -->
