<?xml version="1.0" encoding="UTF-8"?>
<!-- Generated by org.testng.reporters.JUnitXMLReporter -->
<testsuite ignored="0" hostname="WL-MS-743" failures="0" tests="4" name="Test" time="3.263" errors="0" timestamp="2025-03-21T20:45:37 IST">
  <testcase classname="com.project1.restapi.TC48_SOAP_APIs" name="addSOAPapi" time="1.523"/>
  <testcase classname="com.project1.restapi.TC48_SOAP_APIs" name="subtractSOAPapi" time="0.54"/>
  <testcase classname="com.project1.restapi.TC48_SOAP_APIs" name="multiplySOAPapi" time="0.523"/>
  <testcase classname="com.project1.restapi.TC48_SOAP_APIs" name="divideSOAPapi" time="0.562"/>
</testsuite> <!-- Test -->
